2020-11-18 17:40:31.418  INFO 27157 --- [main] com.example.task5.Task5Application       : Starting Task5Application on darus with PID 27157 (/home/darus/IdeaProjects/task5/target/classes started by darus in /home/darus/IdeaProjects/task5)
2020-11-18 17:40:31.424 DEBUG 27157 --- [main] com.example.task5.Task5Application       : Running with Spring Boot v2.3.5.RELEASE, Spring v5.2.10.RELEASE
2020-11-18 17:40:31.425  INFO 27157 --- [main] com.example.task5.Task5Application       : No active profile set, falling back to default profiles: default
2020-11-18 17:40:32.188  INFO 27157 --- [main] .s.d.r.c.RepositoryConfigurationDelegate : Bootstrapping Spring Data JPA repositories in DEFAULT mode.
2020-11-18 17:40:32.264  INFO 27157 --- [main] .s.d.r.c.RepositoryConfigurationDelegate : Finished Spring Data repository scanning in 64ms. Found 2 JPA repository interfaces.
2020-11-18 17:40:33.234  INFO 27157 --- [main] o.s.b.w.embedded.tomcat.TomcatWebServer  : Tomcat initialized with port(s): 8080 (http)
2020-11-18 17:40:33.245  INFO 27157 --- [main] o.apache.catalina.core.StandardService   : Starting service [Tomcat]
2020-11-18 17:40:33.245  INFO 27157 --- [main] org.apache.catalina.core.StandardEngine  : Starting Servlet engine: [Apache Tomcat/9.0.39]
2020-11-18 17:40:33.365  INFO 27157 --- [main] o.a.c.c.C.[Tomcat].[localhost].[/]       : Initializing Spring embedded WebApplicationContext
2020-11-18 17:40:33.365  INFO 27157 --- [main] w.s.c.ServletWebServerApplicationContext : Root WebApplicationContext: initialization completed in 1838 ms
2020-11-18 17:40:33.566  INFO 27157 --- [main] o.hibernate.jpa.internal.util.LogHelper  : HHH000204: Processing PersistenceUnitInfo [name: default]
2020-11-18 17:40:33.606  INFO 27157 --- [main] org.hibernate.Version                    : HHH000412: Hibernate ORM core version 5.4.22.Final
2020-11-18 17:40:34.073  INFO 27157 --- [main] o.hibernate.annotations.common.Version   : HCANN000001: Hibernate Commons Annotations {5.1.0.Final}
2020-11-18 17:40:34.172  INFO 27157 --- [main] com.zaxxer.hikari.HikariDataSource       : HikariPool-1 - Starting...
2020-11-18 17:40:34.694  INFO 27157 --- [main] com.zaxxer.hikari.HikariDataSource       : HikariPool-1 - Start completed.
2020-11-18 17:40:34.709  INFO 27157 --- [main] org.hibernate.dialect.Dialect            : HHH000400: Using dialect: org.hibernate.dialect.PostgreSQL10Dialect
2020-11-18 17:40:35.342  INFO 27157 --- [main] o.h.e.t.j.p.i.JtaPlatformInitiator       : HHH000490: Using JtaPlatform implementation: [org.hibernate.engine.transaction.jta.platform.internal.NoJtaPlatform]
2020-11-18 17:40:35.353  INFO 27157 --- [main] j.LocalContainerEntityManagerFactoryBean : Initialized JPA EntityManagerFactory for persistence unit 'default'
2020-11-18 17:40:35.470  WARN 27157 --- [main] JpaBaseConfiguration$JpaWebConfiguration : spring.jpa.open-in-view is enabled by default. Therefore, database queries may be performed during view rendering. Explicitly configure spring.jpa.open-in-view to disable this warning
2020-11-18 17:40:36.089 TRACE 27157 --- [main] com.example.task5.aop.LoggingAspect      : method invoked: class com.example.task5.configs.SecurityConfiguration$$EnhancerBySpringCGLIB$$1ffe7fc9.daoAuthenticationProvider() arguments: []
2020-11-18 17:40:36.107 TRACE 27157 --- [main] com.example.task5.aop.LoggingAspect      : method invoked: class com.example.task5.configs.SecurityConfiguration$$EnhancerBySpringCGLIB$$1ffe7fc9.getPasswordEncoder() arguments: []
2020-11-18 17:40:36.107 TRACE 27157 --- [main] com.example.task5.aop.LoggingAspect      : class com.example.task5.configs.SecurityConfiguration$$EnhancerBySpringCGLIB$$1ffe7fc9.getPasswordEncoder() response: org.springframework.security.crypto.bcrypt.BCryptPasswordEncoder@482a58c7
2020-11-18 17:40:36.108 TRACE 27157 --- [main] com.example.task5.aop.LoggingAspect      : method invoked: class com.example.task5.configs.SecurityConfiguration$$EnhancerBySpringCGLIB$$1ffe7fc9.getUserDetailsService() arguments: []
2020-11-18 17:40:36.109 TRACE 27157 --- [main] com.example.task5.aop.LoggingAspect      : class com.example.task5.configs.SecurityConfiguration$$EnhancerBySpringCGLIB$$1ffe7fc9.getUserDetailsService() response: com.example.task5.security.UserDetailsServiceImpl@147efd9
2020-11-18 17:40:36.110 TRACE 27157 --- [main] com.example.task5.aop.LoggingAspect      : class com.example.task5.configs.SecurityConfiguration$$EnhancerBySpringCGLIB$$1ffe7fc9.daoAuthenticationProvider() response: org.springframework.security.authentication.dao.DaoAuthenticationProvider@4e4894d
2020-11-18 17:40:36.207  INFO 27157 --- [main] o.s.s.web.DefaultSecurityFilterChain     : Creating filter chain: any request, [org.springframework.security.web.context.request.async.WebAsyncManagerIntegrationFilter@1187dc82, org.springframework.security.web.context.SecurityContextPersistenceFilter@3f3c8b60, org.springframework.security.web.header.HeaderWriterFilter@61a704d3, org.springframework.security.web.authentication.logout.LogoutFilter@4c56644f, org.springframework.security.web.authentication.UsernamePasswordAuthenticationFilter@446c8c72, org.springframework.security.web.authentication.ui.DefaultLoginPageGeneratingFilter@36463b09, org.springframework.security.web.authentication.ui.DefaultLogoutPageGeneratingFilter@6fd1ea75, org.springframework.security.web.savedrequest.RequestCacheAwareFilter@3f357c9d, org.springframework.security.web.servletapi.SecurityContextHolderAwareRequestFilter@38089dae, org.springframework.security.web.authentication.AnonymousAuthenticationFilter@18e4551, org.springframework.security.web.session.SessionManagementFilter@566fe83c, org.springframework.security.web.access.ExceptionTranslationFilter@22b82ddf, org.springframework.security.web.access.intercept.FilterSecurityInterceptor@1682e6a]
2020-11-18 17:40:36.433  INFO 27157 --- [main] o.s.s.concurrent.ThreadPoolTaskExecutor  : Initializing ExecutorService 'applicationTaskExecutor'
2020-11-18 17:40:36.704  INFO 27157 --- [main] o.s.b.w.embedded.tomcat.TomcatWebServer  : Tomcat started on port(s): 8080 (http) with context path ''
2020-11-18 17:40:36.713  INFO 27157 --- [main] com.example.task5.Task5Application       : Started Task5Application in 6.17 seconds (JVM running for 7.144)
2020-11-18 17:40:51.100  INFO 27157 --- [http-nio-8080-exec-1] o.a.c.c.C.[Tomcat].[localhost].[/]       : Initializing Spring DispatcherServlet 'dispatcherServlet'
2020-11-18 17:40:51.101  INFO 27157 --- [http-nio-8080-exec-1] o.s.web.servlet.DispatcherServlet        : Initializing Servlet 'dispatcherServlet'
2020-11-18 17:40:51.110  INFO 27157 --- [http-nio-8080-exec-1] o.s.web.servlet.DispatcherServlet        : Completed initialization in 9 ms
2020-11-18 17:40:51.341 TRACE 27157 --- [http-nio-8080-exec-1] com.example.task5.aop.LoggingAspect      : method invoked: class com.example.task5.controllers.AccountsController.detailAccount() arguments: [user, {}]
2020-11-18 17:40:51.347 TRACE 27157 --- [http-nio-8080-exec-1] com.example.task5.aop.LoggingAspect      : method invoked: class com.example.task5.services.AccountService.findByUsername() arguments: [user]
2020-11-18 17:40:51.355 TRACE 27157 --- [http-nio-8080-exec-1] com.example.task5.aop.LoggingAspect      : method invoked: class com.sun.proxy.$Proxy99.findById() arguments: [user]
2020-11-18 17:40:51.413 TRACE 27157 --- [http-nio-8080-exec-1] com.example.task5.aop.LoggingAspect      : class com.sun.proxy.$Proxy99.findById() response: Optional[username='user', password='$2a$07$7IBoRdQDVEmFvGNz7efEWenOOvRLnSB/MpmYBHDAL8cT1B5F/w/Cm', balance=0]
2020-11-18 17:40:51.414 TRACE 27157 --- [http-nio-8080-exec-1] com.example.task5.aop.LoggingAspect      : class com.example.task5.services.AccountService.findByUsername() response: username='user', password='$2a$07$7IBoRdQDVEmFvGNz7efEWenOOvRLnSB/MpmYBHDAL8cT1B5F/w/Cm', balance=0
2020-11-18 17:40:51.414 TRACE 27157 --- [http-nio-8080-exec-1] com.example.task5.aop.LoggingAspect      : class com.example.task5.controllers.AccountsController.detailAccount() response: accounts/detail
2020-11-18 17:40:53.437 TRACE 27157 --- [http-nio-8080-exec-3] com.example.task5.aop.LoggingAspect      : method invoked: class com.example.task5.controllers.MainController.home() arguments: []
2020-11-18 17:40:53.441 TRACE 27157 --- [http-nio-8080-exec-3] com.example.task5.aop.LoggingAspect      : class com.example.task5.controllers.MainController.home() response: home
2020-11-18 17:40:57.336  INFO 27157 --- [SpringContextShutdownHook] o.s.s.concurrent.ThreadPoolTaskExecutor  : Shutting down ExecutorService 'applicationTaskExecutor'
2020-11-18 17:40:57.338  INFO 27157 --- [SpringContextShutdownHook] j.LocalContainerEntityManagerFactoryBean : Closing JPA EntityManagerFactory for persistence unit 'default'
2020-11-18 17:40:57.340  INFO 27157 --- [SpringContextShutdownHook] com.zaxxer.hikari.HikariDataSource       : HikariPool-1 - Shutdown initiated...
2020-11-18 17:40:57.359  INFO 27157 --- [SpringContextShutdownHook] com.zaxxer.hikari.HikariDataSource       : HikariPool-1 - Shutdown completed.
